nohup: ignoring input

  .   ____          _            __ _ _
 /\\ / ___'_ __ _ _(_)_ __  __ _ \ \ \ \
( ( )\___ | '_ | '_| | '_ \/ _` | \ \ \ \
 \\/  ___)| |_)| | | | | || (_| |  ) ) ) )
  '  |____| .__|_| |_|_| |_\__, | / / / /
 =========|_|==============|___/=/_/_/_/

 :: Spring Boot ::                (v3.3.5)

2025-08-12T16:37:18.234Z  INFO 5379 --- [           main] c.e.dashboard.DashboardApplication       : Starting DashboardApplication v0.0.1-SNAPSHOT using Java 21.0.8 with PID 5379 (/workspace/dashboard-backend/target/dashboard-backend-0.0.1-SNAPSHOT.jar started by ubuntu in /workspace/dashboard-backend)
2025-08-12T16:37:18.237Z  INFO 5379 --- [           main] c.e.dashboard.DashboardApplication       : No active profile set, falling back to 1 default profile: "default"
2025-08-12T16:37:18.966Z  INFO 5379 --- [           main] .s.d.r.c.RepositoryConfigurationDelegate : Bootstrapping Spring Data JPA repositories in DEFAULT mode.
2025-08-12T16:37:19.002Z  INFO 5379 --- [           main] .s.d.r.c.RepositoryConfigurationDelegate : Finished Spring Data repository scanning in 30 ms. Found 3 JPA repository interfaces.
2025-08-12T16:37:19.427Z  INFO 5379 --- [           main] o.s.b.w.embedded.tomcat.TomcatWebServer  : Tomcat initialized with port 8081 (http)
2025-08-12T16:37:19.436Z  INFO 5379 --- [           main] o.apache.catalina.core.StandardService   : Starting service [Tomcat]
2025-08-12T16:37:19.437Z  INFO 5379 --- [           main] o.apache.catalina.core.StandardEngine    : Starting Servlet engine: [Apache Tomcat/10.1.31]
2025-08-12T16:37:19.454Z  INFO 5379 --- [           main] o.a.c.c.C.[Tomcat].[localhost].[/]       : Initializing Spring embedded WebApplicationContext
2025-08-12T16:37:19.455Z  INFO 5379 --- [           main] w.s.c.ServletWebServerApplicationContext : Root WebApplicationContext: initialization completed in 1175 ms
2025-08-12T16:37:19.568Z  INFO 5379 --- [           main] com.zaxxer.hikari.HikariDataSource       : HikariPool-1 - Starting...
2025-08-12T16:37:19.723Z  INFO 5379 --- [           main] com.zaxxer.hikari.pool.HikariPool        : HikariPool-1 - Added connection conn0: url=jdbc:h2:mem:dashboarddb user=SA
2025-08-12T16:37:19.724Z  INFO 5379 --- [           main] com.zaxxer.hikari.HikariDataSource       : HikariPool-1 - Start completed.
2025-08-12T16:37:19.734Z  INFO 5379 --- [           main] o.s.b.a.h2.H2ConsoleAutoConfiguration    : H2 console available at '/h2-console'. Database available at 'jdbc:h2:mem:dashboarddb'
2025-08-12T16:37:19.862Z  INFO 5379 --- [           main] o.hibernate.jpa.internal.util.LogHelper  : HHH000204: Processing PersistenceUnitInfo [name: default]
2025-08-12T16:37:19.896Z  INFO 5379 --- [           main] org.hibernate.Version                    : HHH000412: Hibernate ORM core version 6.5.3.Final
2025-08-12T16:37:19.927Z  INFO 5379 --- [           main] o.h.c.internal.RegionFactoryInitiator    : HHH000026: Second-level cache disabled
2025-08-12T16:37:20.153Z  INFO 5379 --- [           main] o.s.o.j.p.SpringPersistenceUnitInfo      : No LoadTimeWeaver setup: ignoring JPA class transformer
2025-08-12T16:37:20.873Z  INFO 5379 --- [           main] o.h.e.t.j.p.i.JtaPlatformInitiator       : HHH000489: No JTA platform available (set 'hibernate.transaction.jta.platform' to enable JTA platform integration)
2025-08-12T16:37:20.922Z  INFO 5379 --- [           main] j.LocalContainerEntityManagerFactoryBean : Initialized JPA EntityManagerFactory for persistence unit 'default'
2025-08-12T16:37:21.880Z  INFO 5379 --- [           main] o.s.b.a.e.web.EndpointLinksResolver      : Exposing 3 endpoints beneath base path '/actuator'
2025-08-12T16:37:21.921Z  INFO 5379 --- [           main] o.s.b.w.embedded.tomcat.TomcatWebServer  : Tomcat started on port 8081 (http) with context path '/'
2025-08-12T16:37:21.929Z  INFO 5379 --- [           main] c.e.dashboard.DashboardApplication       : Started DashboardApplication in 4.013 seconds (process running for 4.307)
2025-08-12T16:37:24.998Z  INFO 5379 --- [nio-8081-exec-1] o.a.c.c.C.[Tomcat].[localhost].[/]       : Initializing Spring DispatcherServlet 'dispatcherServlet'
2025-08-12T16:37:24.999Z  INFO 5379 --- [nio-8081-exec-1] o.s.web.servlet.DispatcherServlet        : Initializing Servlet 'dispatcherServlet'
2025-08-12T16:37:25.000Z  INFO 5379 --- [nio-8081-exec-1] o.s.web.servlet.DispatcherServlet        : Completed initialization in 1 ms
